<?xml version="1.0" encoding="UTF-8"?>
<!-- Generated by org.testng.reporters.JUnitReportReporter -->
<testsuite skipped="0" hostname="simarjeetk" name="Test.Scripts.TestRegistrationFeature" tests="1" failures="0" timestamp="2019-10-02T16:12:25 PDT" time="5.648" errors="0">
  <testcase name="verify_that_User_Can_Successfully_Register_to_the_Application" time="5.648" classname="Test.Scripts.TestRegistrationFeature"/>
</testsuite> <!-- Test.Scripts.TestRegistrationFeature -->
